<html>
<head>
<title>TestNG:  Surefire test</title>
<link href="../testng.css" rel="stylesheet" type="text/css" />
<link href="../my-testng.css" rel="stylesheet" type="text/css" />

<style type="text/css">
.log { display: none;} 
.stack-trace { display: none;} 
</style>
<script type="text/javascript">
<!--
function flip(e) {
  current = e.style.display;
  if (current == 'block') {
    e.style.display = 'none';
    return 0;
  }
  else {
    e.style.display = 'block';
    return 1;
  }
}

function toggleBox(szDivId, elem, msg1, msg2)
{
  var res = -1;  if (document.getElementById) {
    res = flip(document.getElementById(szDivId));
  }
  else if (document.all) {
    // this is the way old msie versions work
    res = flip(document.all[szDivId]);
  }
  if(elem) {
    if(res == 0) elem.innerHTML = msg1; else elem.innerHTML = msg2;
  }

}

function toggleAllBoxes() {
  if (document.getElementsByTagName) {
    d = document.getElementsByTagName('div');
    for (i = 0; i < d.length; i++) {
      if (d[i].className == 'log') {
        flip(d[i]);
      }
    }
  }
}

// -->
</script>

</head>
<body>
<h2 align='center'>Surefire test</h2><table border='1' align="center">
<tr>
<td>Tests passed/Failed/Skipped:</td><td>11/2/0</td>
</tr><tr>
<td>Started on:</td><td>Mon May 30 12:19:31 CEST 2022</td>
</tr>
<tr><td>Total time:</td><td>246 seconds (246128 ms)</td>
</tr><tr>
<td>Included groups:</td><td></td>
</tr><tr>
<td>Excluded groups:</td><td></td>
</tr>
</table><p/>
<small><i>(Hover the method name to see the test class name)</i></small><p/>
<table width='100%' border='1' class='invocation-failed'>
<tr><td colspan='4' align='center'><b>FAILED TESTS</b></td></tr>
<tr><td><b>Test method</b></td>
<td width="30%"><b>Exception</b></td>
<td width="10%"><b>Time (seconds)</b></td>
<td><b>Instance</b></td>
</tr>
<tr>
<td title='com.ztrain.web.TestRunner.runScenario()'><b>runScenario</b><br>Test class: com.ztrain.web.TestRunner<br>Test method: Runs Cucumber Scenarios<br>Parameters: "Produit en promotion", "Optional[En tant que utilisateur connecté sur la page d’accueil,En ajoutant un produit en promotion au panier, je dois voir afficher un montant relatif à la promotion]"</td>
<td><div><pre>org.openqa.selenium.ElementClickInterceptedException: element click intercepted: Element &lt;svg stroke=&quot;currentColor&quot; fill=&quot;none&quot; stroke-width=&quot;2&quot; viewBox=&quot;0 0 24 24&quot; stroke-linecap=&quot;round&quot; stroke-linejoin=&quot;round&quot; height=&quot;1em&quot; width=&quot;1em&quot; xmlns=&quot;http://www.w3.org/2000/svg&quot;&gt;...&lt;/svg&gt; is not clickable at point (1349, 50). Other element would receive the click: &lt;div id=&quot;style_container__P9Oh0&quot;&gt;...&lt;/div&gt;
  (Session info: chrome=101.0.4951.67)
Build info: version: &apos;4.0.0-alpha-5&apos;, revision: &apos;b3a0d621cc&apos;
System info: host: &apos;DESKTOP-L0MBEAP&apos;, ip: &apos;169.254.96.69&apos;, os.name: &apos;Windows 10&apos;, os.arch: &apos;amd64&apos;, os.version: &apos;10.0&apos;, java.version: &apos;1.8.0_211&apos;
Driver info: org.openqa.selenium.chrome.ChromeDriver
Capabilities {acceptInsecureCerts: true, browserName: chrome, browserVersion: 101.0.4951.67, chrome: {chromedriverVersion: 101.0.4951.41 (93c720db8323..., userDataDir: C:\Users\TED\AppData\Local\...}, goog:chromeOptions: {debuggerAddress: localhost:46754}, javascriptEnabled: true, networkConnectionEnabled: false, pageLoadStrategy: normal, platform: WINDOWS, platformName: WINDOWS, proxy: Proxy(), setWindowRect: true, strictFileInteractability: false, timeouts: {implicit: 0, pageLoad: 300000, script: 30000}, unhandledPromptBehavior: dismiss and notify, webauthn:extension:credBlob: true, webauthn:extension:largeBlob: true, webauthn:virtualAuthenticators: true}
Session ID: 3984732b6a7969f2fd92f70b40604bcf
	at org.openqa.selenium.remote.codec.w3c.W3CHttpResponseCodec.createException(W3CHttpResponseCodec.java:196)
	at org.openqa.selenium.remote.codec.w3c.W3CHttpResponseCodec.decode(W3CHttpResponseCodec.java:129)
	at org.openqa.selenium.remote.codec.w3c.W3CHttpResponseCodec.decode(W3CHttpResponseCodec.java:53)
	at org.openqa.selenium.remote.HttpCommandExecutor.execute(HttpCommandExecutor.java:161)
	at org.openqa.selenium.remote.service.DriverCommandExecutor.execute(DriverCommandExecutor.java:83)
	at org.openqa.selenium.remote.RemoteWebDriver.execute(RemoteWebDriver.java:582)
	at org.openqa.selenium.remote.RemoteWebElement.execute(RemoteWebElement.java:316)
	at org.openqa.selenium.remote.RemoteWebElement.click(RemoteWebElement.java:85)
	at org.openqa.selenium.support.pagefactory.internal.LocatingElementHandler.invoke(LocatingElementHandler.java:52)
	at com.sun.proxy.$Proxy41.click(Unknown Source)
	at com.ztrain.web.pageObjects.Page.clickOn(Page.java:108)
	at com.ztrain.web.pageObjects.HomePage.openCart(HomePage.java:142)
	at com.ztrain.web.steps.OrderButtonSteps.heClicksOnCartIcon(OrderButtonSteps.java:18)
	at ?.he clicks on cart icon(file:///C:/Users/TED/Documents/pawk/formation/selenium%20ISTQB/framework/demo_test/src/test/resources/features/ajout_produit_promotion.feature:11)
... Removed 8 stack frames</pre></div><a href='#' onClick='toggleBox("stack-trace1724495151", this, "Click to show all stack frames", "Click to hide stack frames")'>Click to show all stack frames</a>
<div class='stack-trace' id='stack-trace1724495151'><pre>org.openqa.selenium.ElementClickInterceptedException: element click intercepted: Element &lt;svg stroke=&quot;currentColor&quot; fill=&quot;none&quot; stroke-width=&quot;2&quot; viewBox=&quot;0 0 24 24&quot; stroke-linecap=&quot;round&quot; stroke-linejoin=&quot;round&quot; height=&quot;1em&quot; width=&quot;1em&quot; xmlns=&quot;http://www.w3.org/2000/svg&quot;&gt;...&lt;/svg&gt; is not clickable at point (1349, 50). Other element would receive the click: &lt;div id=&quot;style_container__P9Oh0&quot;&gt;...&lt;/div&gt;
  (Session info: chrome=101.0.4951.67)
Build info: version: &apos;4.0.0-alpha-5&apos;, revision: &apos;b3a0d621cc&apos;
System info: host: &apos;DESKTOP-L0MBEAP&apos;, ip: &apos;169.254.96.69&apos;, os.name: &apos;Windows 10&apos;, os.arch: &apos;amd64&apos;, os.version: &apos;10.0&apos;, java.version: &apos;1.8.0_211&apos;
Driver info: org.openqa.selenium.chrome.ChromeDriver
Capabilities {acceptInsecureCerts: true, browserName: chrome, browserVersion: 101.0.4951.67, chrome: {chromedriverVersion: 101.0.4951.41 (93c720db8323..., userDataDir: C:\Users\TED\AppData\Local\...}, goog:chromeOptions: {debuggerAddress: localhost:46754}, javascriptEnabled: true, networkConnectionEnabled: false, pageLoadStrategy: normal, platform: WINDOWS, platformName: WINDOWS, proxy: Proxy(), setWindowRect: true, strictFileInteractability: false, timeouts: {implicit: 0, pageLoad: 300000, script: 30000}, unhandledPromptBehavior: dismiss and notify, webauthn:extension:credBlob: true, webauthn:extension:largeBlob: true, webauthn:virtualAuthenticators: true}
Session ID: 3984732b6a7969f2fd92f70b40604bcf
	at sun.reflect.NativeConstructorAccessorImpl.newInstance0(Native Method)
	at sun.reflect.NativeConstructorAccessorImpl.newInstance(NativeConstructorAccessorImpl.java:62)
	at sun.reflect.DelegatingConstructorAccessorImpl.newInstance(DelegatingConstructorAccessorImpl.java:45)
	at java.lang.reflect.Constructor.newInstance(Constructor.java:423)
	at org.openqa.selenium.remote.codec.w3c.W3CHttpResponseCodec.createException(W3CHttpResponseCodec.java:196)
	at org.openqa.selenium.remote.codec.w3c.W3CHttpResponseCodec.decode(W3CHttpResponseCodec.java:129)
	at org.openqa.selenium.remote.codec.w3c.W3CHttpResponseCodec.decode(W3CHttpResponseCodec.java:53)
	at org.openqa.selenium.remote.HttpCommandExecutor.execute(HttpCommandExecutor.java:161)
	at org.openqa.selenium.remote.service.DriverCommandExecutor.execute(DriverCommandExecutor.java:83)
	at org.openqa.selenium.remote.RemoteWebDriver.execute(RemoteWebDriver.java:582)
	at org.openqa.selenium.remote.RemoteWebElement.execute(RemoteWebElement.java:316)
	at org.openqa.selenium.remote.RemoteWebElement.click(RemoteWebElement.java:85)
	at sun.reflect.NativeMethodAccessorImpl.invoke0(Native Method)
	at sun.reflect.NativeMethodAccessorImpl.invoke(NativeMethodAccessorImpl.java:62)
	at sun.reflect.DelegatingMethodAccessorImpl.invoke(DelegatingMethodAccessorImpl.java:43)
	at java.lang.reflect.Method.invoke(Method.java:498)
	at org.openqa.selenium.support.pagefactory.internal.LocatingElementHandler.invoke(LocatingElementHandler.java:52)
	at com.sun.proxy.$Proxy41.click(Unknown Source)
	at com.ztrain.web.pageObjects.Page.clickOn(Page.java:108)
	at com.ztrain.web.pageObjects.HomePage.openCart(HomePage.java:142)
	at com.ztrain.web.steps.OrderButtonSteps.heClicksOnCartIcon(OrderButtonSteps.java:18)
	at ?.he clicks on cart icon(file:///C:/Users/TED/Documents/pawk/formation/selenium%20ISTQB/framework/demo_test/src/test/resources/features/ajout_produit_promotion.feature:11)
</pre></div></td>
<td>25</td>
<td>com.ztrain.web.TestRunner@57f23557</td></tr>
<tr>
<td title='com.ztrain.web.TestRunner.runScenario()'><b>runScenario</b><br>Test class: com.ztrain.web.TestRunner<br>Test method: Runs Cucumber Scenarios<br>Parameters: "Add product to cart", "Optional[As a customer, I want to add products to cart, so that I could make payment]"</td>
<td><div><pre>io.cucumber.testng.UndefinedStepException: The step &apos;then we observe a pop pop which indicates the following message Votre panier à été mis à jour&apos; is undefined.
You can implement this step using the snippet(s) below:

@Then(&quot;then we observe a pop pop which indicates the following message Votre panier à été mis à jour&quot;)
public void then_we_observe_a_pop_pop_which_indicates_the_following_message_votre_panier_à_été_mis_à_jour() {
    // Write code here that turns the phrase above into concrete actions
    throw new io.cucumber.java.PendingException();
}

	at io.cucumber.core.runtime.TestCaseResultObserver.assertTestCasePassed(TestCaseResultObserver.java:69)
	at io.cucumber.testng.TestCaseResultObserver.assertTestCasePassed(TestCaseResultObserver.java:23)
	at io.cucumber.testng.TestNGCucumberRunner.lambda$runScenario$1(TestNGCucumberRunner.java:133)
	at io.cucumber.core.runtime.CucumberExecutionContext.lambda$runTestCase$3(CucumberExecutionContext.java:151)
	at io.cucumber.core.runtime.RethrowingThrowableCollector.executeAndThrow(RethrowingThrowableCollector.java:23)
	at io.cucumber.core.runtime.CucumberExecutionContext.runTestCase(CucumberExecutionContext.java:151)
	at io.cucumber.testng.TestNGCucumberRunner.runScenario(TestNGCucumberRunner.java:129)
	at io.cucumber.testng.AbstractTestNGCucumberTests.runScenario(AbstractTestNGCucumberTests.java:35)
	at java.util.ArrayList.forEach(ArrayList.java:1257)
... Removed 32 stack frames</pre></div><a href='#' onClick='toggleBox("stack-trace1293940401", this, "Click to show all stack frames", "Click to hide stack frames")'>Click to show all stack frames</a>
<div class='stack-trace' id='stack-trace1293940401'><pre>io.cucumber.testng.UndefinedStepException: The step &apos;then we observe a pop pop which indicates the following message Votre panier à été mis à jour&apos; is undefined.
You can implement this step using the snippet(s) below:

@Then(&quot;then we observe a pop pop which indicates the following message Votre panier à été mis à jour&quot;)
public void then_we_observe_a_pop_pop_which_indicates_the_following_message_votre_panier_à_été_mis_à_jour() {
    // Write code here that turns the phrase above into concrete actions
    throw new io.cucumber.java.PendingException();
}

	at io.cucumber.core.runtime.TestCaseResultObserver.assertTestCasePassed(TestCaseResultObserver.java:69)
	at io.cucumber.testng.TestCaseResultObserver.assertTestCasePassed(TestCaseResultObserver.java:23)
	at io.cucumber.testng.TestNGCucumberRunner.lambda$runScenario$1(TestNGCucumberRunner.java:133)
	at io.cucumber.core.runtime.CucumberExecutionContext.lambda$runTestCase$3(CucumberExecutionContext.java:151)
	at io.cucumber.core.runtime.RethrowingThrowableCollector.executeAndThrow(RethrowingThrowableCollector.java:23)
	at io.cucumber.core.runtime.CucumberExecutionContext.runTestCase(CucumberExecutionContext.java:151)
	at io.cucumber.testng.TestNGCucumberRunner.runScenario(TestNGCucumberRunner.java:129)
	at io.cucumber.testng.AbstractTestNGCucumberTests.runScenario(AbstractTestNGCucumberTests.java:35)
	at sun.reflect.NativeMethodAccessorImpl.invoke0(Native Method)
	at sun.reflect.NativeMethodAccessorImpl.invoke(NativeMethodAccessorImpl.java:62)
	at sun.reflect.DelegatingMethodAccessorImpl.invoke(DelegatingMethodAccessorImpl.java:43)
	at java.lang.reflect.Method.invoke(Method.java:498)
	at org.testng.internal.invokers.MethodInvocationHelper.invokeMethod(MethodInvocationHelper.java:135)
	at org.testng.internal.invokers.TestInvoker.invokeMethod(TestInvoker.java:673)
	at org.testng.internal.invokers.TestInvoker.invokeTestMethod(TestInvoker.java:220)
	at org.testng.internal.invokers.MethodRunner.runInSequence(MethodRunner.java:50)
	at org.testng.internal.invokers.TestInvoker$MethodInvocationAgent.invoke(TestInvoker.java:945)
	at org.testng.internal.invokers.TestInvoker.invokeTestMethods(TestInvoker.java:193)
	at org.testng.internal.invokers.TestMethodWorker.invokeTestMethods(TestMethodWorker.java:146)
	at org.testng.internal.invokers.TestMethodWorker.run(TestMethodWorker.java:128)
	at java.util.ArrayList.forEach(ArrayList.java:1257)
	at org.testng.TestRunner.privateRun(TestRunner.java:808)
	at org.testng.TestRunner.run(TestRunner.java:603)
	at org.testng.SuiteRunner.runTest(SuiteRunner.java:429)
	at org.testng.SuiteRunner.runSequentially(SuiteRunner.java:423)
	at org.testng.SuiteRunner.privateRun(SuiteRunner.java:383)
	at org.testng.SuiteRunner.run(SuiteRunner.java:326)
	at org.testng.SuiteRunnerWorker.runSuite(SuiteRunnerWorker.java:52)
	at org.testng.SuiteRunnerWorker.run(SuiteRunnerWorker.java:95)
	at org.testng.TestNG.runSuitesSequentially(TestNG.java:1249)
	at org.testng.TestNG.runSuitesLocally(TestNG.java:1169)
	at org.testng.TestNG.runSuites(TestNG.java:1092)
	at org.testng.TestNG.run(TestNG.java:1060)
	at org.apache.maven.surefire.testng.TestNGExecutor.run(TestNGExecutor.java:151)
	at org.apache.maven.surefire.testng.TestNGDirectoryTestSuite.executeMulti(TestNGDirectoryTestSuite.java:192)
	at org.apache.maven.surefire.testng.TestNGDirectoryTestSuite.execute(TestNGDirectoryTestSuite.java:93)
	at org.apache.maven.surefire.testng.TestNGProvider.invoke(TestNGProvider.java:155)
	at org.apache.maven.surefire.booter.ForkedBooter.runSuitesInProcess(ForkedBooter.java:456)
	at org.apache.maven.surefire.booter.ForkedBooter.execute(ForkedBooter.java:169)
	at org.apache.maven.surefire.booter.ForkedBooter.run(ForkedBooter.java:595)
	at org.apache.maven.surefire.booter.ForkedBooter.main(ForkedBooter.java:581)
</pre></div></td>
<td>34</td>
<td>com.ztrain.web.TestRunner@57f23557</td></tr>
</table><p>
<table width='100%' border='1' class='invocation-passed'>
<tr><td colspan='4' align='center'><b>PASSED TESTS</b></td></tr>
<tr><td><b>Test method</b></td>
<td width="30%"><b>Exception</b></td>
<td width="10%"><b>Time (seconds)</b></td>
<td><b>Instance</b></td>
</tr>
<tr>
<td title='com.ztrain.web.TestRunner.runScenario()'><b>runScenario</b><br>Test class: com.ztrain.web.TestRunner<br>Test method: Runs Cucumber Scenarios<br>Parameters: "Perform login with valid credentials", "Optional[As a Z-Train client I want to login so that I could access to online store]"</td>
<td></td>
<td>2</td>
<td>com.ztrain.web.TestRunner@57f23557</td></tr>
<tr>
<td title='com.ztrain.web.TestRunner.runScenario()'><b>runScenario</b><br>Test class: com.ztrain.web.TestRunner<br>Test method: Runs Cucumber Scenarios<br>Parameters: "Order pop up", "Optional[As a customer, I want to add products to cart, so that I could make payment]"</td>
<td></td>
<td>23</td>
<td>com.ztrain.web.TestRunner@57f23557</td></tr>
<tr>
<td title='com.ztrain.web.TestRunner.runScenario()'><b>runScenario</b><br>Test class: com.ztrain.web.TestRunner<br>Test method: Runs Cucumber Scenarios<br>Parameters: "Add product to cart and empty the cart", "Optional[As a customer, I want to add products to cart so that I could empty the cart]"</td>
<td></td>
<td>45</td>
<td>com.ztrain.web.TestRunner@57f23557</td></tr>
<tr>
<td title='com.ztrain.web.TestRunner.runScenario()'><b>runScenario</b><br>Test class: com.ztrain.web.TestRunner<br>Test method: Runs Cucumber Scenarios<br>Parameters: "Logout", "Optional[As a customer, I want to log in the app so that I could log out]"</td>
<td></td>
<td>2</td>
<td>com.ztrain.web.TestRunner@57f23557</td></tr>
<tr>
<td title='com.ztrain.web.TestRunner.runScenario()'><b>runScenario</b><br>Test class: com.ztrain.web.TestRunner<br>Test method: Runs Cucumber Scenarios<br>Parameters: "Payment validation", "Optional[As a customer, I want to add products to cart, so that I could make payment]"</td>
<td></td>
<td>31</td>
<td>com.ztrain.web.TestRunner@57f23557</td></tr>
<tr>
<td title='com.ztrain.web.TestRunner.runScenario()'><b>runScenario</b><br>Test class: com.ztrain.web.TestRunner<br>Test method: Runs Cucumber Scenarios<br>Parameters: "Email format", "Optional[login]"</td>
<td></td>
<td>0</td>
<td>com.ztrain.web.TestRunner@57f23557</td></tr>
<tr>
<td title='com.ztrain.web.TestRunner.runScenario()'><b>runScenario</b><br>Test class: com.ztrain.web.TestRunner<br>Test method: Runs Cucumber Scenarios<br>Parameters: "Error messages on the login page", "Optional[As a customer I want to login without fill the fields so that I could see error messages]"</td>
<td></td>
<td>0</td>
<td>com.ztrain.web.TestRunner@57f23557</td></tr>
<tr>
<td title='com.ztrain.web.TestRunner.runScenario()'><b>runScenario</b><br>Test class: com.ztrain.web.TestRunner<br>Test method: Runs Cucumber Scenarios<br>Parameters: "Product information", "Optional[As a customer, I want to add products to cart, so that I could make payment]"</td>
<td></td>
<td>24</td>
<td>com.ztrain.web.TestRunner@57f23557</td></tr>
<tr>
<td title='com.ztrain.web.TestRunner.runScenario()'><b>runScenario</b><br>Test class: com.ztrain.web.TestRunner<br>Test method: Runs Cucumber Scenarios<br>Parameters: "Product information", "Optional[As a customer, I want to add products to cart, so that I could make payment]"</td>
<td></td>
<td>23</td>
<td>com.ztrain.web.TestRunner@57f23557</td></tr>
<tr>
<td title='com.ztrain.web.TestRunner.runScenario()'><b>runScenario</b><br>Test class: com.ztrain.web.TestRunner<br>Test method: Runs Cucumber Scenarios<br>Parameters: "Test fields required for payment", "Optional[As a customer, I want to add products to cart, so that I could make payment]"</td>
<td></td>
<td>26</td>
<td>com.ztrain.web.TestRunner@57f23557</td></tr>
<tr>
<td title='com.ztrain.web.TestRunner.runScenario()'><b>runScenario</b><br>Test class: com.ztrain.web.TestRunner<br>Test method: Runs Cucumber Scenarios<br>Parameters: "", "Optional[As a customer I want to see my password after enter it]"</td>
<td></td>
<td>1</td>
<td>com.ztrain.web.TestRunner@57f23557</td></tr>
</table><p>
</body>
</html>