<?xml version="1.0" encoding="UTF-8"?>
<testsuite xmlns:xsi="http://www.w3.org/2001/XMLSchema-instance" xsi:noNamespaceSchemaLocation="https://maven.apache.org/surefire/maven-surefire-plugin/xsd/surefire-test-report-3.0.xsd" version="3.0" name="TestSuite" time="246.747" tests="12" errors="0" skipped="0" failures="1">
  <properties>
    <property name="sun.desktop" value="windows"/>
    <property name="awt.toolkit" value="sun.awt.windows.WToolkit"/>
    <property name="file.encoding.pkg" value="sun.io"/>
    <property name="java.specification.version" value="1.8"/>
    <property name="webdriver.chrome.driver" value="local_driver/chromedriver.exe"/>
    <property name="sun.cpu.isalist" value="amd64"/>
    <property name="sun.jnu.encoding" value="Cp1252"/>
    <property name="java.class.path" value="C:\Users\TED\Documents\pawk\formation\selenium ISTQB\framework\demo_test\target\test-classes;C:\Users\TED\Documents\pawk\formation\selenium ISTQB\framework\demo_test\target\classes;C:\Users\TED\.m2\repository\org\seleniumhq\selenium\selenium-java\4.0.0-alpha-5\selenium-java-4.0.0-alpha-5.jar;C:\Users\TED\.m2\repository\org\seleniumhq\selenium\selenium-api\4.0.0-alpha-5\selenium-api-4.0.0-alpha-5.jar;C:\Users\TED\.m2\repository\org\seleniumhq\selenium\selenium-chrome-driver\4.0.0-alpha-5\selenium-chrome-driver-4.0.0-alpha-5.jar;C:\Users\TED\.m2\repository\com\google\auto\service\auto-service-annotations\1.0-rc6\auto-service-annotations-1.0-rc6.jar;C:\Users\TED\.m2\repository\com\google\auto\service\auto-service\1.0-rc6\auto-service-1.0-rc6.jar;C:\Users\TED\.m2\repository\com\google\auto\auto-common\0.10\auto-common-0.10.jar;C:\Users\TED\.m2\repository\com\google\guava\guava\28.2-jre\guava-28.2-jre.jar;C:\Users\TED\.m2\repository\com\google\guava\failureaccess\1.0.1\failureaccess-1.0.1.jar;C:\Users\TED\.m2\repository\com\google\guava\listenablefuture\9999.0-empty-to-avoid-conflict-with-guava\listenablefuture-9999.0-empty-to-avoid-conflict-with-guava.jar;C:\Users\TED\.m2\repository\org\checkerframework\checker-qual\2.10.0\checker-qual-2.10.0.jar;C:\Users\TED\.m2\repository\com\google\errorprone\error_prone_annotations\2.3.4\error_prone_annotations-2.3.4.jar;C:\Users\TED\.m2\repository\com\google\j2objc\j2objc-annotations\1.3\j2objc-annotations-1.3.jar;C:\Users\TED\.m2\repository\org\seleniumhq\selenium\selenium-chromium-driver\4.0.0-alpha-5\selenium-chromium-driver-4.0.0-alpha-5.jar;C:\Users\TED\.m2\repository\org\seleniumhq\selenium\selenium-devtools\4.0.0-alpha-5\selenium-devtools-4.0.0-alpha-5.jar;C:\Users\TED\.m2\repository\org\seleniumhq\selenium\selenium-http\4.0.0-alpha-5\selenium-http-4.0.0-alpha-5.jar;C:\Users\TED\.m2\repository\org\seleniumhq\selenium\selenium-json\4.0.0-alpha-5\selenium-json-4.0.0-alpha-5.jar;C:\Users\TED\.m2\repository\org\seleniumhq\selenium\selenium-edge-driver\4.0.0-alpha-5\selenium-edge-driver-4.0.0-alpha-5.jar;C:\Users\TED\.m2\repository\org\seleniumhq\selenium\selenium-edgehtml-driver\4.0.0-alpha-5\selenium-edgehtml-driver-4.0.0-alpha-5.jar;C:\Users\TED\.m2\repository\org\seleniumhq\selenium\selenium-firefox-driver\4.0.0-alpha-5\selenium-firefox-driver-4.0.0-alpha-5.jar;C:\Users\TED\.m2\repository\org\seleniumhq\selenium\selenium-firefox-xpi-driver\4.0.0-alpha-5\selenium-firefox-xpi-driver-4.0.0-alpha-5.jar;C:\Users\TED\.m2\repository\org\seleniumhq\selenium\selenium-ie-driver\4.0.0-alpha-5\selenium-ie-driver-4.0.0-alpha-5.jar;C:\Users\TED\.m2\repository\org\seleniumhq\selenium\selenium-opera-driver\4.0.0-alpha-5\selenium-opera-driver-4.0.0-alpha-5.jar;C:\Users\TED\.m2\repository\org\seleniumhq\selenium\selenium-remote-driver\4.0.0-alpha-5\selenium-remote-driver-4.0.0-alpha-5.jar;C:\Users\TED\.m2\repository\com\squareup\okhttp3\okhttp\4.4.1\okhttp-4.4.1.jar;C:\Users\TED\.m2\repository\org\jetbrains\kotlin\kotlin-stdlib\1.3.61\kotlin-stdlib-1.3.61.jar;C:\Users\TED\.m2\repository\org\jetbrains\annotations\13.0\annotations-13.0.jar;C:\Users\TED\.m2\repository\com\squareup\okio\okio\2.4.3\okio-2.4.3.jar;C:\Users\TED\.m2\repository\org\jetbrains\kotlin\kotlin-stdlib-common\1.3.61\kotlin-stdlib-common-1.3.61.jar;C:\Users\TED\.m2\repository\com\typesafe\netty\netty-reactive-streams\2.0.4\netty-reactive-streams-2.0.4.jar;C:\Users\TED\.m2\repository\io\netty\netty-handler\4.1.43.Final\netty-handler-4.1.43.Final.jar;C:\Users\TED\.m2\repository\org\reactivestreams\reactive-streams\1.0.3\reactive-streams-1.0.3.jar;C:\Users\TED\.m2\repository\io\netty\netty-buffer\4.1.47.Final\netty-buffer-4.1.47.Final.jar;C:\Users\TED\.m2\repository\io\netty\netty-common\4.1.47.Final\netty-common-4.1.47.Final.jar;C:\Users\TED\.m2\repository\io\netty\netty-codec-http\4.1.47.Final\netty-codec-http-4.1.47.Final.jar;C:\Users\TED\.m2\repository\io\netty\netty-codec\4.1.47.Final\netty-codec-4.1.47.Final.jar;C:\Users\TED\.m2\repository\io\netty\netty-transport-native-epoll\4.1.47.Final\netty-transport-native-epoll-4.1.47.Final.jar;C:\Users\TED\.m2\repository\io\netty\netty-transport-native-epoll\4.1.47.Final\netty-transport-native-epoll-4.1.47.Final-linux-x86_64.jar;C:\Users\TED\.m2\repository\io\netty\netty-transport-native-kqueue\4.1.47.Final\netty-transport-native-kqueue-4.1.47.Final.jar;C:\Users\TED\.m2\repository\io\netty\netty-transport-native-kqueue\4.1.47.Final\netty-transport-native-kqueue-4.1.47.Final-osx-x86_64.jar;C:\Users\TED\.m2\repository\io\netty\netty-transport-native-unix-common\4.1.47.Final\netty-transport-native-unix-common-4.1.47.Final.jar;C:\Users\TED\.m2\repository\io\netty\netty-transport\4.1.47.Final\netty-transport-4.1.47.Final.jar;C:\Users\TED\.m2\repository\io\netty\netty-resolver\4.1.47.Final\netty-resolver-4.1.47.Final.jar;C:\Users\TED\.m2\repository\io\opentelemetry\opentelemetry-api\0.2.0\opentelemetry-api-0.2.0.jar;C:\Users\TED\.m2\repository\io\grpc\grpc-context\1.24.0\grpc-context-1.24.0.jar;C:\Users\TED\.m2\repository\net\bytebuddy\byte-buddy\1.10.8\byte-buddy-1.10.8.jar;C:\Users\TED\.m2\repository\org\apache\commons\commons-exec\1.3\commons-exec-1.3.jar;C:\Users\TED\.m2\repository\org\asynchttpclient\async-http-client\2.11.0\async-http-client-2.11.0.jar;C:\Users\TED\.m2\repository\org\asynchttpclient\async-http-client-netty-utils\2.11.0\async-http-client-netty-utils-2.11.0.jar;C:\Users\TED\.m2\repository\io\netty\netty-codec-socks\4.1.46.Final\netty-codec-socks-4.1.46.Final.jar;C:\Users\TED\.m2\repository\io\netty\netty-handler-proxy\4.1.46.Final\netty-handler-proxy-4.1.46.Final.jar;C:\Users\TED\.m2\repository\com\sun\activation\javax.activation\1.2.0\javax.activation-1.2.0.jar;C:\Users\TED\.m2\repository\org\seleniumhq\selenium\selenium-safari-driver\4.0.0-alpha-5\selenium-safari-driver-4.0.0-alpha-5.jar;C:\Users\TED\.m2\repository\org\seleniumhq\selenium\selenium-support\4.0.0-alpha-5\selenium-support-4.0.0-alpha-5.jar;C:\Users\TED\.m2\repository\io\cucumber\cucumber-java\7.2.3\cucumber-java-7.2.3.jar;C:\Users\TED\.m2\repository\io\cucumber\cucumber-core\7.2.3\cucumber-core-7.2.3.jar;C:\Users\TED\.m2\repository\io\cucumber\cucumber-gherkin\7.2.3\cucumber-gherkin-7.2.3.jar;C:\Users\TED\.m2\repository\io\cucumber\cucumber-gherkin-messages\7.2.3\cucumber-gherkin-messages-7.2.3.jar;C:\Users\TED\.m2\repository\io\cucumber\messages\17.1.1\messages-17.1.1.jar;C:\Users\TED\.m2\repository\io\cucumber\tag-expressions\4.1.0\tag-expressions-4.1.0.jar;C:\Users\TED\.m2\repository\io\cucumber\cucumber-expressions\15.0.1\cucumber-expressions-15.0.1.jar;C:\Users\TED\.m2\repository\io\cucumber\datatable\7.2.3\datatable-7.2.3.jar;C:\Users\TED\.m2\repository\io\cucumber\cucumber-plugin\7.2.3\cucumber-plugin-7.2.3.jar;C:\Users\TED\.m2\repository\io\cucumber\docstring\7.2.3\docstring-7.2.3.jar;C:\Users\TED\.m2\repository\io\cucumber\html-formatter\17.0.0\html-formatter-17.0.0.jar;C:\Users\TED\.m2\repository\io\cucumber\ci-environment\8.1.0\ci-environment-8.1.0.jar;C:\Users\TED\.m2\repository\org\apiguardian\apiguardian-api\1.1.2\apiguardian-api-1.1.2.jar;C:\Users\TED\.m2\repository\io\cucumber\cucumber-picocontainer\7.2.3\cucumber-picocontainer-7.2.3.jar;C:\Users\TED\.m2\repository\org\picocontainer\picocontainer\2.15\picocontainer-2.15.jar;C:\Users\TED\.m2\repository\io\cucumber\cucumber-testng\7.2.3\cucumber-testng-7.2.3.jar;C:\Users\TED\.m2\repository\io\cucumber\cucumber-jvm-deps\1.0.6\cucumber-jvm-deps-1.0.6.jar;C:\Users\TED\.m2\repository\io\cucumber\gherkin\5.1.0\gherkin-5.1.0.jar;C:\Users\TED\.m2\repository\io\cucumber\gherkin-jvm-deps\1.0.4\gherkin-jvm-deps-1.0.4.jar;C:\Users\TED\.m2\repository\org\testng\testng\7.5\testng-7.5.jar;C:\Users\TED\.m2\repository\com\google\code\findbugs\jsr305\3.0.1\jsr305-3.0.1.jar;C:\Users\TED\.m2\repository\org\slf4j\slf4j-api\1.7.32\slf4j-api-1.7.32.jar;C:\Users\TED\.m2\repository\com\beust\jcommander\1.78\jcommander-1.78.jar;C:\Users\TED\.m2\repository\org\webjars\jquery\3.5.1\jquery-3.5.1.jar;C:\Users\TED\.m2\repository\io\qameta\allure\allure-cucumber7-jvm\2.17.3\allure-cucumber7-jvm-2.17.3.jar;C:\Users\TED\.m2\repository\io\qameta\allure\allure-java-commons\2.17.3\allure-java-commons-2.17.3.jar;C:\Users\TED\.m2\repository\io\qameta\allure\allure-model\2.17.3\allure-model-2.17.3.jar;C:\Users\TED\.m2\repository\org\apache\logging\log4j\log4j-core\2.17.2\log4j-core-2.17.2.jar;C:\Users\TED\.m2\repository\org\apache\logging\log4j\log4j-api\2.17.2\log4j-api-2.17.2.jar;"/>
    <property name="java.vm.vendor" value="Oracle Corporation"/>
    <property name="sun.arch.data.model" value="64"/>
    <property name="user.variant" value=""/>
    <property name="java.vendor.url" value="http://java.oracle.com/"/>
    <property name="user.timezone" value="Europe/Paris"/>
    <property name="java.vm.specification.version" value="1.8"/>
    <property name="os.name" value="Windows 10"/>
    <property name="user.country" value="FR"/>
    <property name="sun.java.launcher" value="SUN_STANDARD"/>
    <property name="sun.boot.library.path" value="C:\Program Files\Java\jdk1.8.0_211\jre\bin"/>
    <property name="sun.java.command" value="C:\Users\TED\AppData\Local\Temp\surefire6873254072880083666\surefirebooter8700248476030518810.jar C:\Users\TED\AppData\Local\Temp\surefire6873254072880083666 2022-05-30T12-19-29_738-jvmRun1 surefire6253345765314794606tmp surefire_09166201911010450241tmp"/>
    <property name="surefire.test.class.path" value="C:\Users\TED\Documents\pawk\formation\selenium ISTQB\framework\demo_test\target\test-classes;C:\Users\TED\Documents\pawk\formation\selenium ISTQB\framework\demo_test\target\classes;C:\Users\TED\.m2\repository\org\seleniumhq\selenium\selenium-java\4.0.0-alpha-5\selenium-java-4.0.0-alpha-5.jar;C:\Users\TED\.m2\repository\org\seleniumhq\selenium\selenium-api\4.0.0-alpha-5\selenium-api-4.0.0-alpha-5.jar;C:\Users\TED\.m2\repository\org\seleniumhq\selenium\selenium-chrome-driver\4.0.0-alpha-5\selenium-chrome-driver-4.0.0-alpha-5.jar;C:\Users\TED\.m2\repository\com\google\auto\service\auto-service-annotations\1.0-rc6\auto-service-annotations-1.0-rc6.jar;C:\Users\TED\.m2\repository\com\google\auto\service\auto-service\1.0-rc6\auto-service-1.0-rc6.jar;C:\Users\TED\.m2\repository\com\google\auto\auto-common\0.10\auto-common-0.10.jar;C:\Users\TED\.m2\repository\com\google\guava\guava\28.2-jre\guava-28.2-jre.jar;C:\Users\TED\.m2\repository\com\google\guava\failureaccess\1.0.1\failureaccess-1.0.1.jar;C:\Users\TED\.m2\repository\com\google\guava\listenablefuture\9999.0-empty-to-avoid-conflict-with-guava\listenablefuture-9999.0-empty-to-avoid-conflict-with-guava.jar;C:\Users\TED\.m2\repository\org\checkerframework\checker-qual\2.10.0\checker-qual-2.10.0.jar;C:\Users\TED\.m2\repository\com\google\errorprone\error_prone_annotations\2.3.4\error_prone_annotations-2.3.4.jar;C:\Users\TED\.m2\repository\com\google\j2objc\j2objc-annotations\1.3\j2objc-annotations-1.3.jar;C:\Users\TED\.m2\repository\org\seleniumhq\selenium\selenium-chromium-driver\4.0.0-alpha-5\selenium-chromium-driver-4.0.0-alpha-5.jar;C:\Users\TED\.m2\repository\org\seleniumhq\selenium\selenium-devtools\4.0.0-alpha-5\selenium-devtools-4.0.0-alpha-5.jar;C:\Users\TED\.m2\repository\org\seleniumhq\selenium\selenium-http\4.0.0-alpha-5\selenium-http-4.0.0-alpha-5.jar;C:\Users\TED\.m2\repository\org\seleniumhq\selenium\selenium-json\4.0.0-alpha-5\selenium-json-4.0.0-alpha-5.jar;C:\Users\TED\.m2\repository\org\seleniumhq\selenium\selenium-edge-driver\4.0.0-alpha-5\selenium-edge-driver-4.0.0-alpha-5.jar;C:\Users\TED\.m2\repository\org\seleniumhq\selenium\selenium-edgehtml-driver\4.0.0-alpha-5\selenium-edgehtml-driver-4.0.0-alpha-5.jar;C:\Users\TED\.m2\repository\org\seleniumhq\selenium\selenium-firefox-driver\4.0.0-alpha-5\selenium-firefox-driver-4.0.0-alpha-5.jar;C:\Users\TED\.m2\repository\org\seleniumhq\selenium\selenium-firefox-xpi-driver\4.0.0-alpha-5\selenium-firefox-xpi-driver-4.0.0-alpha-5.jar;C:\Users\TED\.m2\repository\org\seleniumhq\selenium\selenium-ie-driver\4.0.0-alpha-5\selenium-ie-driver-4.0.0-alpha-5.jar;C:\Users\TED\.m2\repository\org\seleniumhq\selenium\selenium-opera-driver\4.0.0-alpha-5\selenium-opera-driver-4.0.0-alpha-5.jar;C:\Users\TED\.m2\repository\org\seleniumhq\selenium\selenium-remote-driver\4.0.0-alpha-5\selenium-remote-driver-4.0.0-alpha-5.jar;C:\Users\TED\.m2\repository\com\squareup\okhttp3\okhttp\4.4.1\okhttp-4.4.1.jar;C:\Users\TED\.m2\repository\org\jetbrains\kotlin\kotlin-stdlib\1.3.61\kotlin-stdlib-1.3.61.jar;C:\Users\TED\.m2\repository\org\jetbrains\annotations\13.0\annotations-13.0.jar;C:\Users\TED\.m2\repository\com\squareup\okio\okio\2.4.3\okio-2.4.3.jar;C:\Users\TED\.m2\repository\org\jetbrains\kotlin\kotlin-stdlib-common\1.3.61\kotlin-stdlib-common-1.3.61.jar;C:\Users\TED\.m2\repository\com\typesafe\netty\netty-reactive-streams\2.0.4\netty-reactive-streams-2.0.4.jar;C:\Users\TED\.m2\repository\io\netty\netty-handler\4.1.43.Final\netty-handler-4.1.43.Final.jar;C:\Users\TED\.m2\repository\org\reactivestreams\reactive-streams\1.0.3\reactive-streams-1.0.3.jar;C:\Users\TED\.m2\repository\io\netty\netty-buffer\4.1.47.Final\netty-buffer-4.1.47.Final.jar;C:\Users\TED\.m2\repository\io\netty\netty-common\4.1.47.Final\netty-common-4.1.47.Final.jar;C:\Users\TED\.m2\repository\io\netty\netty-codec-http\4.1.47.Final\netty-codec-http-4.1.47.Final.jar;C:\Users\TED\.m2\repository\io\netty\netty-codec\4.1.47.Final\netty-codec-4.1.47.Final.jar;C:\Users\TED\.m2\repository\io\netty\netty-transport-native-epoll\4.1.47.Final\netty-transport-native-epoll-4.1.47.Final.jar;C:\Users\TED\.m2\repository\io\netty\netty-transport-native-epoll\4.1.47.Final\netty-transport-native-epoll-4.1.47.Final-linux-x86_64.jar;C:\Users\TED\.m2\repository\io\netty\netty-transport-native-kqueue\4.1.47.Final\netty-transport-native-kqueue-4.1.47.Final.jar;C:\Users\TED\.m2\repository\io\netty\netty-transport-native-kqueue\4.1.47.Final\netty-transport-native-kqueue-4.1.47.Final-osx-x86_64.jar;C:\Users\TED\.m2\repository\io\netty\netty-transport-native-unix-common\4.1.47.Final\netty-transport-native-unix-common-4.1.47.Final.jar;C:\Users\TED\.m2\repository\io\netty\netty-transport\4.1.47.Final\netty-transport-4.1.47.Final.jar;C:\Users\TED\.m2\repository\io\netty\netty-resolver\4.1.47.Final\netty-resolver-4.1.47.Final.jar;C:\Users\TED\.m2\repository\io\opentelemetry\opentelemetry-api\0.2.0\opentelemetry-api-0.2.0.jar;C:\Users\TED\.m2\repository\io\grpc\grpc-context\1.24.0\grpc-context-1.24.0.jar;C:\Users\TED\.m2\repository\net\bytebuddy\byte-buddy\1.10.8\byte-buddy-1.10.8.jar;C:\Users\TED\.m2\repository\org\apache\commons\commons-exec\1.3\commons-exec-1.3.jar;C:\Users\TED\.m2\repository\org\asynchttpclient\async-http-client\2.11.0\async-http-client-2.11.0.jar;C:\Users\TED\.m2\repository\org\asynchttpclient\async-http-client-netty-utils\2.11.0\async-http-client-netty-utils-2.11.0.jar;C:\Users\TED\.m2\repository\io\netty\netty-codec-socks\4.1.46.Final\netty-codec-socks-4.1.46.Final.jar;C:\Users\TED\.m2\repository\io\netty\netty-handler-proxy\4.1.46.Final\netty-handler-proxy-4.1.46.Final.jar;C:\Users\TED\.m2\repository\com\sun\activation\javax.activation\1.2.0\javax.activation-1.2.0.jar;C:\Users\TED\.m2\repository\org\seleniumhq\selenium\selenium-safari-driver\4.0.0-alpha-5\selenium-safari-driver-4.0.0-alpha-5.jar;C:\Users\TED\.m2\repository\org\seleniumhq\selenium\selenium-support\4.0.0-alpha-5\selenium-support-4.0.0-alpha-5.jar;C:\Users\TED\.m2\repository\io\cucumber\cucumber-java\7.2.3\cucumber-java-7.2.3.jar;C:\Users\TED\.m2\repository\io\cucumber\cucumber-core\7.2.3\cucumber-core-7.2.3.jar;C:\Users\TED\.m2\repository\io\cucumber\cucumber-gherkin\7.2.3\cucumber-gherkin-7.2.3.jar;C:\Users\TED\.m2\repository\io\cucumber\cucumber-gherkin-messages\7.2.3\cucumber-gherkin-messages-7.2.3.jar;C:\Users\TED\.m2\repository\io\cucumber\messages\17.1.1\messages-17.1.1.jar;C:\Users\TED\.m2\repository\io\cucumber\tag-expressions\4.1.0\tag-expressions-4.1.0.jar;C:\Users\TED\.m2\repository\io\cucumber\cucumber-expressions\15.0.1\cucumber-expressions-15.0.1.jar;C:\Users\TED\.m2\repository\io\cucumber\datatable\7.2.3\datatable-7.2.3.jar;C:\Users\TED\.m2\repository\io\cucumber\cucumber-plugin\7.2.3\cucumber-plugin-7.2.3.jar;C:\Users\TED\.m2\repository\io\cucumber\docstring\7.2.3\docstring-7.2.3.jar;C:\Users\TED\.m2\repository\io\cucumber\html-formatter\17.0.0\html-formatter-17.0.0.jar;C:\Users\TED\.m2\repository\io\cucumber\ci-environment\8.1.0\ci-environment-8.1.0.jar;C:\Users\TED\.m2\repository\org\apiguardian\apiguardian-api\1.1.2\apiguardian-api-1.1.2.jar;C:\Users\TED\.m2\repository\io\cucumber\cucumber-picocontainer\7.2.3\cucumber-picocontainer-7.2.3.jar;C:\Users\TED\.m2\repository\org\picocontainer\picocontainer\2.15\picocontainer-2.15.jar;C:\Users\TED\.m2\repository\io\cucumber\cucumber-testng\7.2.3\cucumber-testng-7.2.3.jar;C:\Users\TED\.m2\repository\io\cucumber\cucumber-jvm-deps\1.0.6\cucumber-jvm-deps-1.0.6.jar;C:\Users\TED\.m2\repository\io\cucumber\gherkin\5.1.0\gherkin-5.1.0.jar;C:\Users\TED\.m2\repository\io\cucumber\gherkin-jvm-deps\1.0.4\gherkin-jvm-deps-1.0.4.jar;C:\Users\TED\.m2\repository\org\testng\testng\7.5\testng-7.5.jar;C:\Users\TED\.m2\repository\com\google\code\findbugs\jsr305\3.0.1\jsr305-3.0.1.jar;C:\Users\TED\.m2\repository\org\slf4j\slf4j-api\1.7.32\slf4j-api-1.7.32.jar;C:\Users\TED\.m2\repository\com\beust\jcommander\1.78\jcommander-1.78.jar;C:\Users\TED\.m2\repository\org\webjars\jquery\3.5.1\jquery-3.5.1.jar;C:\Users\TED\.m2\repository\io\qameta\allure\allure-cucumber7-jvm\2.17.3\allure-cucumber7-jvm-2.17.3.jar;C:\Users\TED\.m2\repository\io\qameta\allure\allure-java-commons\2.17.3\allure-java-commons-2.17.3.jar;C:\Users\TED\.m2\repository\io\qameta\allure\allure-model\2.17.3\allure-model-2.17.3.jar;C:\Users\TED\.m2\repository\org\apache\logging\log4j\log4j-core\2.17.2\log4j-core-2.17.2.jar;C:\Users\TED\.m2\repository\org\apache\logging\log4j\log4j-api\2.17.2\log4j-api-2.17.2.jar;"/>
    <property name="sun.cpu.endian" value="little"/>
    <property name="user.home" value="C:\Users\TED"/>
    <property name="user.language" value="fr"/>
    <property name="java.specification.vendor" value="Oracle Corporation"/>
    <property name="java.home" value="C:\Program Files\Java\jdk1.8.0_211\jre"/>
    <property name="basedir" value="C:\Users\TED\Documents\pawk\formation\selenium ISTQB\framework\demo_test"/>
    <property name="file.separator" value="\"/>
    <property name="line.separator" value="&#10;"/>
    <property name="java.vm.specification.vendor" value="Oracle Corporation"/>
    <property name="java.specification.name" value="Java Platform API Specification"/>
    <property name="java.awt.graphicsenv" value="sun.awt.Win32GraphicsEnvironment"/>
    <property name="surefire.real.class.path" value="C:\Users\TED\AppData\Local\Temp\surefire6873254072880083666\surefirebooter8700248476030518810.jar;C:\Users\TED\.m2\repository/org/aspectj/aspectjweaver/1.9.9.1/aspectjweaver-1.9.9.1.jar"/>
    <property name="sun.boot.class.path" value="C:\Program Files\Java\jdk1.8.0_211\jre\lib\resources.jar;C:\Program Files\Java\jdk1.8.0_211\jre\lib\rt.jar;C:\Program Files\Java\jdk1.8.0_211\jre\lib\sunrsasign.jar;C:\Program Files\Java\jdk1.8.0_211\jre\lib\jsse.jar;C:\Program Files\Java\jdk1.8.0_211\jre\lib\jce.jar;C:\Program Files\Java\jdk1.8.0_211\jre\lib\charsets.jar;C:\Program Files\Java\jdk1.8.0_211\jre\lib\jfr.jar;C:\Program Files\Java\jdk1.8.0_211\jre\classes"/>
    <property name="user.script" value=""/>
    <property name="sun.management.compiler" value="HotSpot 64-Bit Tiered Compilers"/>
    <property name="java.runtime.version" value="1.8.0_211-b12"/>
    <property name="user.name" value="TED"/>
    <property name="path.separator" value=";"/>
    <property name="os.version" value="10.0"/>
    <property name="java.endorsed.dirs" value="C:\Program Files\Java\jdk1.8.0_211\jre\lib\endorsed"/>
    <property name="java.runtime.name" value="Java(TM) SE Runtime Environment"/>
    <property name="file.encoding" value="Cp1252"/>
    <property name="sun.nio.ch.bugLevel" value=""/>
    <property name="java.vm.name" value="Java HotSpot(TM) 64-Bit Server VM"/>
    <property name="localRepository" value="C:\Users\TED\.m2\repository"/>
    <property name="java.vendor.url.bug" value="http://bugreport.sun.com/bugreport/"/>
    <property name="java.io.tmpdir" value="C:\Users\TED\AppData\Local\Temp\"/>
    <property name="java.version" value="1.8.0_211"/>
    <property name="user.dir" value="C:\Users\TED\Documents\pawk\formation\selenium ISTQB\framework\demo_test"/>
    <property name="os.arch" value="amd64"/>
    <property name="java.vm.specification.name" value="Java Virtual Machine Specification"/>
    <property name="java.awt.printerjob" value="sun.awt.windows.WPrinterJob"/>
    <property name="sun.os.patch.level" value=""/>
    <property name="java.library.path" value="C:\Program Files\Java\jdk1.8.0_211\jre\bin;C:\WINDOWS\Sun\Java\bin;C:\WINDOWS\system32;C:\WINDOWS;C:\database\Java\jdk1.8.0_211;C:\Python310\Scripts\;C:\Python310\;C:\Program Files\Java\jdk1.8.0_211\bin;C:\Program Files\AdoptOpenJDK\jdk-11.0.9.101-hotspot\bin;C:\Program Files (x86)\Common Files\Oracle\Java\javapath;C:\WINDOWS\system32;C:\WINDOWS;C:\WINDOWS\System32\Wbem;C:\WINDOWS\System32\WindowsPowerShell\v1.0\;C:\WINDOWS\System32\OpenSSH\;C:\Program Files\Git\cmd;C:\Program Files\Microsoft VS Code\bin;D:\logi\flutter\bin;D:\logi\android-sdk;C:\Program Files (x86)\NVIDIA Corporation\PhysX\Common;C:\Program Files\NVIDIA Corporation\NVIDIA NvDLISR;C:\Program Files\nodejs\;C:\ProgramData\chocolatey\bin;C:\WINDOWS\system32;C:\WINDOWS;C:\WINDOWS\System32\Wbem;C:\WINDOWS\System32\WindowsPowerShell\v1.0\;C:\WINDOWS\System32\OpenSSH\;C:\Program Files\dotnet\;C:\Users\TED\AppData\Local\Programs\Python\Python38\Scripts\;C:\Users\TED\AppData\Local\Programs\Python\Python38\;C:\Users\TED\AppData\Local\Microsoft\WindowsApps;C:\Users\TED\AppData\Roaming\Dashlane\4.6.6.23032\bin\Firefox_Extension\{442718d9-475e-452a-b3e1-fb1ee16b8e9f}\components;C:\Program Files\JetBrains\IntelliJ IDEA 2021.1\bin;;C:\Program Files\JetBrains\PyCharm 2021.2.2\bin;;C:\Users\TED\AppData\Roaming\npm;C:\Program Files\spark-3.2.0-bin-hadoop3.2\bin;C:\apache-maven-3.8.5-bin\apache-maven-3.8.5\bin;C:\allure-2.17.3\bin;;."/>
    <property name="java.vm.info" value="mixed mode"/>
    <property name="java.vendor" value="Oracle Corporation"/>
    <property name="java.vm.version" value="25.211-b12"/>
    <property name="java.ext.dirs" value="C:\Program Files\Java\jdk1.8.0_211\jre\lib\ext;C:\WINDOWS\Sun\Java\lib\ext"/>
    <property name="sun.io.unicode.encoding" value="UnicodeLittle"/>
    <property name="java.class.version" value="52.0"/>
  </properties>
  <testcase name="runScenario[&quot;Add product to cart&quot;, &quot;Optional[As a customer, I want to add products to cart, so that I could make payment]&quot;](1)" classname="com.ztrain.web.TestRunner" time="34.706">
    <failure message="The step &apos;then we observe a pop pop which indicates the following message Votre panier à été mis à jour&apos; is undefined.&#10;You can implement this step using the snippet(s) below:&#10;&#10;@Then(&quot;then we observe a pop pop which indicates the following message Votre panier à été mis à jour&quot;)&#10;public void then_we_observe_a_pop_pop_which_indicates_the_following_message_votre_panier_à_été_mis_à_jour() {&#10;    // Write code here that turns the phrase above into concrete actions&#10;    throw new io.cucumber.java.PendingException();&#10;}&#10;" type="io.cucumber.testng.UndefinedStepException"><![CDATA[io.cucumber.testng.UndefinedStepException: 
The step 'then we observe a pop pop which indicates the following message Votre panier à été mis à jour' is undefined.
You can implement this step using the snippet(s) below:

@Then("then we observe a pop pop which indicates the following message Votre panier à été mis à jour")
public void then_we_observe_a_pop_pop_which_indicates_the_following_message_votre_panier_à_été_mis_à_jour() {
    // Write code here that turns the phrase above into concrete actions
    throw new io.cucumber.java.PendingException();
}

	at io.cucumber.core.runtime.TestCaseResultObserver.assertTestCasePassed(TestCaseResultObserver.java:69)
	at io.cucumber.testng.TestCaseResultObserver.assertTestCasePassed(TestCaseResultObserver.java:23)
	at io.cucumber.testng.TestNGCucumberRunner.lambda$runScenario$1(TestNGCucumberRunner.java:133)
	at io.cucumber.core.runtime.CucumberExecutionContext.lambda$runTestCase$3(CucumberExecutionContext.java:151)
	at io.cucumber.core.runtime.RethrowingThrowableCollector.executeAndThrow(RethrowingThrowableCollector.java:23)
	at io.cucumber.core.runtime.CucumberExecutionContext.runTestCase(CucumberExecutionContext.java:151)
	at io.cucumber.testng.TestNGCucumberRunner.runScenario(TestNGCucumberRunner.java:129)
	at io.cucumber.testng.AbstractTestNGCucumberTests.runScenario(AbstractTestNGCucumberTests.java:35)
	at sun.reflect.NativeMethodAccessorImpl.invoke0(Native Method)
	at sun.reflect.NativeMethodAccessorImpl.invoke(NativeMethodAccessorImpl.java:62)
	at sun.reflect.DelegatingMethodAccessorImpl.invoke(DelegatingMethodAccessorImpl.java:43)
	at java.lang.reflect.Method.invoke(Method.java:498)
	at org.testng.internal.invokers.MethodInvocationHelper.invokeMethod(MethodInvocationHelper.java:135)
	at org.testng.internal.invokers.TestInvoker.invokeMethod(TestInvoker.java:673)
	at org.testng.internal.invokers.TestInvoker.invokeTestMethod(TestInvoker.java:220)
	at org.testng.internal.invokers.MethodRunner.runInSequence(MethodRunner.java:50)
	at org.testng.internal.invokers.TestInvoker$MethodInvocationAgent.invoke(TestInvoker.java:945)
	at org.testng.internal.invokers.TestInvoker.invokeTestMethods(TestInvoker.java:193)
	at org.testng.internal.invokers.TestMethodWorker.invokeTestMethods(TestMethodWorker.java:146)
	at org.testng.internal.invokers.TestMethodWorker.run(TestMethodWorker.java:128)
	at java.util.ArrayList.forEach(ArrayList.java:1257)
	at org.testng.TestRunner.privateRun(TestRunner.java:808)
	at org.testng.TestRunner.run(TestRunner.java:603)
	at org.testng.SuiteRunner.runTest(SuiteRunner.java:429)
	at org.testng.SuiteRunner.runSequentially(SuiteRunner.java:423)
	at org.testng.SuiteRunner.privateRun(SuiteRunner.java:383)
	at org.testng.SuiteRunner.run(SuiteRunner.java:326)
	at org.testng.SuiteRunnerWorker.runSuite(SuiteRunnerWorker.java:52)
	at org.testng.SuiteRunnerWorker.run(SuiteRunnerWorker.java:95)
	at org.testng.TestNG.runSuitesSequentially(TestNG.java:1249)
	at org.testng.TestNG.runSuitesLocally(TestNG.java:1169)
	at org.testng.TestNG.runSuites(TestNG.java:1092)
	at org.testng.TestNG.run(TestNG.java:1060)
	at org.apache.maven.surefire.testng.TestNGExecutor.run(TestNGExecutor.java:151)
	at org.apache.maven.surefire.testng.TestNGDirectoryTestSuite.executeMulti(TestNGDirectoryTestSuite.java:192)
	at org.apache.maven.surefire.testng.TestNGDirectoryTestSuite.execute(TestNGDirectoryTestSuite.java:93)
	at org.apache.maven.surefire.testng.TestNGProvider.invoke(TestNGProvider.java:155)
	at org.apache.maven.surefire.booter.ForkedBooter.runSuitesInProcess(ForkedBooter.java:456)
	at org.apache.maven.surefire.booter.ForkedBooter.execute(ForkedBooter.java:169)
	at org.apache.maven.surefire.booter.ForkedBooter.run(ForkedBooter.java:595)
	at org.apache.maven.surefire.booter.ForkedBooter.main(ForkedBooter.java:581)
]]></failure>
    <system-out><![CDATA[[DEBUG] 2022-05-30 12:19:32.202 [main] io.netty.util.internal.logging.InternalLoggerFactory - Using Log4J2 as the default logging framework
[DEBUG] 2022-05-30 12:19:32.208 [main] io.netty.util.ResourceLeakDetector - -Dio.netty.leakDetection.level: simple
[DEBUG] 2022-05-30 12:19:32.208 [main] io.netty.util.ResourceLeakDetector - -Dio.netty.leakDetection.targetRecords: 4
[DEBUG] 2022-05-30 12:19:32.211 [main] io.netty.util.ResourceLeakDetectorFactory - Loaded default ResourceLeakDetector: io.netty.util.ResourceLeakDetector@2e8ab815
[DEBUG] 2022-05-30 12:19:32.228 [main] io.netty.util.internal.PlatformDependent - Platform: Windows
[DEBUG] 2022-05-30 12:19:32.229 [main] io.netty.util.internal.PlatformDependent0 - -Dio.netty.noUnsafe: false
[DEBUG] 2022-05-30 12:19:32.229 [main] io.netty.util.internal.PlatformDependent0 - Java version: 8
[DEBUG] 2022-05-30 12:19:32.230 [main] io.netty.util.internal.PlatformDependent0 - sun.misc.Unsafe.theUnsafe: available
[DEBUG] 2022-05-30 12:19:32.230 [main] io.netty.util.internal.PlatformDependent0 - sun.misc.Unsafe.copyMemory: available
[DEBUG] 2022-05-30 12:19:32.230 [main] io.netty.util.internal.PlatformDependent0 - java.nio.Buffer.address: available
[DEBUG] 2022-05-30 12:19:32.231 [main] io.netty.util.internal.PlatformDependent0 - direct buffer constructor: available
[DEBUG] 2022-05-30 12:19:32.231 [main] io.netty.util.internal.PlatformDependent0 - java.nio.Bits.unaligned: available, true
[DEBUG] 2022-05-30 12:19:32.231 [main] io.netty.util.internal.PlatformDependent0 - jdk.internal.misc.Unsafe.allocateUninitializedArray(int): unavailable prior to Java9
[DEBUG] 2022-05-30 12:19:32.231 [main] io.netty.util.internal.PlatformDependent0 - java.nio.DirectByteBuffer.<init>(long, int): available
[DEBUG] 2022-05-30 12:19:32.231 [main] io.netty.util.internal.PlatformDependent - sun.misc.Unsafe: available
[DEBUG] 2022-05-30 12:19:32.232 [main] io.netty.util.internal.PlatformDependent - -Dio.netty.tmpdir: C:\Users\TED\AppData\Local\Temp (java.io.tmpdir)
[DEBUG] 2022-05-30 12:19:32.232 [main] io.netty.util.internal.PlatformDependent - -Dio.netty.bitMode: 64 (sun.arch.data.model)
[DEBUG] 2022-05-30 12:19:32.232 [main] io.netty.util.internal.PlatformDependent - -Dio.netty.maxDirectMemory: 3771203584 bytes
[DEBUG] 2022-05-30 12:19:32.232 [main] io.netty.util.internal.PlatformDependent - -Dio.netty.uninitializedArrayAllocationThreshold: -1
[DEBUG] 2022-05-30 12:19:32.233 [main] io.netty.util.internal.CleanerJava6 - java.nio.ByteBuffer.cleaner(): available
[DEBUG] 2022-05-30 12:19:32.233 [main] io.netty.util.internal.PlatformDependent - -Dio.netty.noPreferDirect: false
[DEBUG] 2022-05-30 12:19:32.239 [main] io.netty.util.internal.PlatformDependent - org.jctools-core.MpscChunkedArrayQueue: available
[DEBUG] 2022-05-30 12:19:32.607 [main] io.netty.handler.ssl.JdkSslContext - Default protocols (JDK): [TLSv1.2, TLSv1.1, TLSv1] 
[DEBUG] 2022-05-30 12:19:32.607 [main] io.netty.handler.ssl.JdkSslContext - Default cipher suites (JDK): [TLS_ECDHE_ECDSA_WITH_AES_256_GCM_SHA384, TLS_ECDHE_ECDSA_WITH_AES_128_GCM_SHA256, TLS_ECDHE_RSA_WITH_AES_128_GCM_SHA256, TLS_ECDHE_RSA_WITH_AES_256_GCM_SHA384, TLS_ECDHE_RSA_WITH_AES_128_CBC_SHA, TLS_ECDHE_RSA_WITH_AES_256_CBC_SHA, TLS_RSA_WITH_AES_128_GCM_SHA256, TLS_RSA_WITH_AES_128_CBC_SHA, TLS_RSA_WITH_AES_256_CBC_SHA]
[DEBUG] 2022-05-30 12:19:32.624 [main] io.netty.util.internal.InternalThreadLocalMap - -Dio.netty.threadLocalMap.stringBuilder.initialSize: 1024
[DEBUG] 2022-05-30 12:19:32.624 [main] io.netty.util.internal.InternalThreadLocalMap - -Dio.netty.threadLocalMap.stringBuilder.maxSize: 4096
[DEBUG] 2022-05-30 12:19:32.630 [main] io.netty.channel.MultithreadEventLoopGroup - -Dio.netty.eventLoopThreads: 16
[DEBUG] 2022-05-30 12:19:32.640 [main] io.netty.channel.nio.NioEventLoop - -Dio.netty.noKeySetOptimization: false
[DEBUG] 2022-05-30 12:19:32.640 [main] io.netty.channel.nio.NioEventLoop - -Dio.netty.selectorAutoRebuildThreshold: 512
[DEBUG] 2022-05-30 12:19:32.679 [main] io.netty.buffer.PooledByteBufAllocator - -Dio.netty.allocator.numHeapArenas: 16
[DEBUG] 2022-05-30 12:19:32.679 [main] io.netty.buffer.PooledByteBufAllocator - -Dio.netty.allocator.numDirectArenas: 16
[DEBUG] 2022-05-30 12:19:32.679 [main] io.netty.buffer.PooledByteBufAllocator - -Dio.netty.allocator.pageSize: 8192
[DEBUG] 2022-05-30 12:19:32.679 [main] io.netty.buffer.PooledByteBufAllocator - -Dio.netty.allocator.maxOrder: 11
[DEBUG] 2022-05-30 12:19:32.679 [main] io.netty.buffer.PooledByteBufAllocator - -Dio.netty.allocator.chunkSize: 16777216
[DEBUG] 2022-05-30 12:19:32.679 [main] io.netty.buffer.PooledByteBufAllocator - -Dio.netty.allocator.tinyCacheSize: 512
[DEBUG] 2022-05-30 12:19:32.679 [main] io.netty.buffer.PooledByteBufAllocator - -Dio.netty.allocator.smallCacheSize: 256
[DEBUG] 2022-05-30 12:19:32.679 [main] io.netty.buffer.PooledByteBufAllocator - -Dio.netty.allocator.normalCacheSize: 64
[DEBUG] 2022-05-30 12:19:32.680 [main] io.netty.buffer.PooledByteBufAllocator - -Dio.netty.allocator.maxCachedBufferCapacity: 32768
[DEBUG] 2022-05-30 12:19:32.680 [main] io.netty.buffer.PooledByteBufAllocator - -Dio.netty.allocator.cacheTrimInterval: 8192
[DEBUG] 2022-05-30 12:19:32.680 [main] io.netty.buffer.PooledByteBufAllocator - -Dio.netty.allocator.cacheTrimIntervalMillis: 0
[DEBUG] 2022-05-30 12:19:32.680 [main] io.netty.buffer.PooledByteBufAllocator - -Dio.netty.allocator.useCacheForAllThreads: true
[DEBUG] 2022-05-30 12:19:32.680 [main] io.netty.buffer.PooledByteBufAllocator - -Dio.netty.allocator.maxCachedByteBuffersPerChunk: 1023
[DEBUG] 2022-05-30 12:19:32.686 [main] io.netty.buffer.ByteBufUtil - -Dio.netty.allocator.type: pooled
[DEBUG] 2022-05-30 12:19:32.686 [main] io.netty.buffer.ByteBufUtil - -Dio.netty.threadLocalDirectBufferSize: 0
[DEBUG] 2022-05-30 12:19:32.686 [main] io.netty.buffer.ByteBufUtil - -Dio.netty.maxThreadLocalCharBufferSize: 16384
[DEBUG] 2022-05-30 12:19:33.446 [Forwarding newSession on session null to remote] io.netty.channel.DefaultChannelId - -Dio.netty.processId: 21072 (auto-detected)
[DEBUG] 2022-05-30 12:19:33.447 [Forwarding newSession on session null to remote] io.netty.util.NetUtil - -Djava.net.preferIPv4Stack: false
[DEBUG] 2022-05-30 12:19:33.447 [Forwarding newSession on session null to remote] io.netty.util.NetUtil - -Djava.net.preferIPv6Addresses: false
[DEBUG] 2022-05-30 12:19:33.677 [Forwarding newSession on session null to remote] io.netty.util.NetUtil - Loopback interface: lo (Software Loopback Interface 1, 127.0.0.1)
[DEBUG] 2022-05-30 12:19:33.678 [Forwarding newSession on session null to remote] io.netty.util.NetUtil - Failed to get SOMAXCONN from sysctl and file \proc\sys\net\core\somaxconn. Default: 200
[DEBUG] 2022-05-30 12:19:33.920 [Forwarding newSession on session null to remote] io.netty.channel.DefaultChannelId - -Dio.netty.machineId: 00:50:56:ff:fe:c0:00:01 (auto-detected)
[DEBUG] 2022-05-30 12:19:33.989 [AsyncHttpClient-3-1] io.netty.buffer.AbstractByteBuf - -Dio.netty.buffer.checkAccessible: true
[DEBUG] 2022-05-30 12:19:33.989 [AsyncHttpClient-3-1] io.netty.buffer.AbstractByteBuf - -Dio.netty.buffer.checkBounds: true
[DEBUG] 2022-05-30 12:19:33.989 [AsyncHttpClient-3-1] io.netty.util.ResourceLeakDetectorFactory - Loaded default ResourceLeakDetector: io.netty.util.ResourceLeakDetector@31abef79
[DEBUG] 2022-05-30 12:19:34.005 [AsyncHttpClient-3-1] io.netty.util.Recycler - -Dio.netty.recycler.maxCapacityPerThread: 4096
[DEBUG] 2022-05-30 12:19:34.005 [AsyncHttpClient-3-1] io.netty.util.Recycler - -Dio.netty.recycler.maxSharedCapacityFactor: 2
[DEBUG] 2022-05-30 12:19:34.006 [AsyncHttpClient-3-1] io.netty.util.Recycler - -Dio.netty.recycler.linkCapacity: 16
[DEBUG] 2022-05-30 12:19:34.006 [AsyncHttpClient-3-1] io.netty.util.Recycler - -Dio.netty.recycler.ratio: 8
[DEBUG] 2022-05-30 12:19:34.625 [main] io.netty.util.internal.ThreadLocalRandom - -Dio.netty.initialSeedUniquifier: 0x5d4efb5366ec14d9

@OF-831
Scenario Outline: Add product to cart                                                                # src/test/resources/features/add_to_cart.feature:14
  Given user is at login page                                                                        # com.ztrain.web.steps.LoginSteps.userIsAtTheLoginPage()
Element not visible after click
  When user is logging-in with sehajpreet2.nicholi@orperfect.com hqqps2J$                            # com.ztrain.web.steps.LoginSteps.userIsLoggingInWithUsernamePassword(java.lang.String,java.lang.String)
  Then he should be redirected to the home page                                                      # com.ztrain.web.steps.LoginSteps.heShouldBeAtTheHomePage()
https://dev-ztrain-web.vercel.app/home successfully loaded
Element not visible after click
  When he selects JVC, Caque Supra-aural Pliable                                                     # com.ztrain.web.steps.AddProductToCartSteps.heSelectProduct(java.lang.String)
Element not visible after click
  And he fills in the quantity of the product to add via icons - and +                               # com.ztrain.web.steps.AddProductToCartSteps.heFillInTheQuantityOfTheProductToAddViaIconsAnd()
Element not visible after click
  And he clicks on add to cart                                                                       # com.ztrain.web.steps.AddProductToCartSteps.heClicksOnAdd()
  Then then we observe a pop pop which indicates the following message Votre panier Ã  Ã©tÃ© mis Ã  jour
]]></system-out>
    <system-err><![CDATA[SLF4J: Failed to load class "org.slf4j.impl.StaticLoggerBinder".
SLF4J: Defaulting to no-operation (NOP) logger implementation
SLF4J: See http://www.slf4j.org/codes.html#StaticLoggerBinder for further details.
Starting ChromeDriver 101.0.4951.41 (93c720db8323b3ec10d056025ab95c23a31997c9-refs/branch-heads/4951@{#904}) on port 35133
Only local connections are allowed.
Please see https://chromedriver.chromium.org/security-considerations for suggestions on keeping ChromeDriver safe.
ChromeDriver was started successfully.
mai 30, 2022 12:19:34 PM org.openqa.selenium.remote.ProtocolHandshake createSession
INFOS: Detected dialect: W3C
]]></system-err>
  </testcase>
  <testcase name="runScenario[&quot;Email format&quot;, &quot;Optional[login]&quot;](3)" classname="com.ztrain.web.TestRunner" time="0.861">
    <system-out><![CDATA[
@OF-1191
Scenario Outline: Produit en promotion                                                                                      # src/test/resources/features/ajout_produit_promotion.feature:16
  Given user is at login page                                                                                               # com.ztrain.web.steps.LoginSteps.userIsAtTheLoginPage()
Element not visible after click
  When user is logging-in with sehajpreet2.nicholi@orperfect.com hqqps2J$                                                   # com.ztrain.web.steps.LoginSteps.userIsLoggingInWithUsernamePassword(java.lang.String,java.lang.String)
  Then he should be redirected to the home page                                                                             # com.ztrain.web.steps.LoginSteps.heShouldBeAtTheHomePage()
https://dev-ztrain-web.vercel.app/home successfully loaded
Element not visible after click
  When The user sees the prices 30.99 and 27.89 of a product Ampoule Vecteur Incandescent on promotion                      # com.ztrain.web.steps.AjoutProduitPromotionSteps.theUserSeesThePricesOld_priceAndNew_priceOfAProductProductOnPromotion(java.lang.String,java.lang.String,java.lang.String)
Element not visible after click
  And he clicks on add to cart                                                                                              # com.ztrain.web.steps.AddProductToCartSteps.heClicksOnAdd()
  And he observes a pop pop which indicates the following message Votre panier Ã  Ã©tÃ© mis Ã  jour                             # com.ztrain.web.steps.AddProductToCartSteps.weObserveAPopPopWhichIndicatesTheFollowingMessageMessage(java.lang.String)
Element not visible to move
Element not visible after click
  And he clicks on cart icon                                                                                                # com.ztrain.web.steps.OrderButtonSteps.heClicksOnCartIcon()
      org.openqa.selenium.ElementClickInterceptedException: element click intercepted: Element <svg stroke="currentColor" fill="none" stroke-width="2" viewBox="0 0 24 24" stroke-linecap="round" stroke-linejoin="round" height="1em" width="1em" xmlns="http://www.w3.org/2000/svg">...</svg> is not clickable at point (1349, 50). Other element would receive the click: <div id="style_container__P9Oh0">...</div>
  (Session info: chrome=101.0.4951.67)
Build info: version: '4.0.0-alpha-5', revision: 'b3a0d621cc'
System info: host: 'DESKTOP-L0MBEAP', ip: '169.254.96.69', os.name: 'Windows 10', os.arch: 'amd64', os.version: '10.0', java.version: '1.8.0_211'
Driver info: org.openqa.selenium.chrome.ChromeDriver
Capabilities {acceptInsecureCerts: true, browserName: chrome, browserVersion: 101.0.4951.67, chrome: {chromedriverVersion: 101.0.4951.41 (93c720db8323..., userDataDir: C:\Users\TED\AppData\Local\...}, goog:chromeOptions: {debuggerAddress: localhost:46754}, javascriptEnabled: true, networkConnectionEnabled: false, pageLoadStrategy: normal, platform: WINDOWS, platformName: WINDOWS, proxy: Proxy(), setWindowRect: true, strictFileInteractability: false, timeouts: {implicit: 0, pageLoad: 300000, script: 30000}, unhandledPromptBehavior: dismiss and notify, webauthn:extension:credBlob: true, webauthn:extension:largeBlob: true, webauthn:virtualAuthenticators: true}
Session ID: 3984732b6a7969f2fd92f70b40604bcf
	at sun.reflect.NativeConstructorAccessorImpl.newInstance0(Native Method)
	at sun.reflect.NativeConstructorAccessorImpl.newInstance(NativeConstructorAccessorImpl.java:62)
	at sun.reflect.DelegatingConstructorAccessorImpl.newInstance(DelegatingConstructorAccessorImpl.java:45)
	at java.lang.reflect.Constructor.newInstance(Constructor.java:423)
	at org.openqa.selenium.remote.codec.w3c.W3CHttpResponseCodec.createException(W3CHttpResponseCodec.java:196)
	at org.openqa.selenium.remote.codec.w3c.W3CHttpResponseCodec.decode(W3CHttpResponseCodec.java:129)
	at org.openqa.selenium.remote.codec.w3c.W3CHttpResponseCodec.decode(W3CHttpResponseCodec.java:53)
	at org.openqa.selenium.remote.HttpCommandExecutor.execute(HttpCommandExecutor.java:161)
	at org.openqa.selenium.remote.service.DriverCommandExecutor.execute(DriverCommandExecutor.java:83)
	at org.openqa.selenium.remote.RemoteWebDriver.execute(RemoteWebDriver.java:582)
	at org.openqa.selenium.remote.RemoteWebElement.execute(RemoteWebElement.java:316)
	at org.openqa.selenium.remote.RemoteWebElement.click(RemoteWebElement.java:85)
	at sun.reflect.NativeMethodAccessorImpl.invoke0(Native Method)
	at sun.reflect.NativeMethodAccessorImpl.invoke(NativeMethodAccessorImpl.java:62)
	at sun.reflect.DelegatingMethodAccessorImpl.invoke(DelegatingMethodAccessorImpl.java:43)
	at java.lang.reflect.Method.invoke(Method.java:498)
	at org.openqa.selenium.support.pagefactory.internal.LocatingElementHandler.invoke(LocatingElementHandler.java:52)
	at com.sun.proxy.$Proxy41.click(Unknown Source)
	at com.ztrain.web.pageObjects.Page.clickOn(Page.java:108)
	at com.ztrain.web.pageObjects.HomePage.openCart(HomePage.java:142)
	at com.ztrain.web.steps.OrderButtonSteps.heClicksOnCartIcon(OrderButtonSteps.java:18)
	at âœ½.he clicks on cart icon(file:///C:/Users/TED/Documents/pawk/formation/selenium%20ISTQB/framework/demo_test/src/test/resources/features/ajout_produit_promotion.feature:11)

  Then The user must see the amount of Ampoule Vecteur Incandescent in the basket equal to the price of the promotion 27.89 # com.ztrain.web.steps.AjoutProduitPromotionSteps.theUserMustSeeTheAmountOfTheBasketEqualToThePriceOfThePromotionCart_amount(java.lang.String,java.lang.String)

@OF-1014
Scenario Outline: Email format                                                          # src/test/resources/features/email_format_verification.feature:11
  Given user is at login page                                                           # com.ztrain.web.steps.LoginSteps.userIsAtTheLoginPage()
  And user fills the email's field with value 237pk69@gmail                             # com.ztrain.web.steps.EmailFormatVerificationSteps.userFillsTheEmailSFieldWithValueEmail(java.lang.String)
Element not visible after click
  When user clicks on submit button                                                     # com.ztrain.web.steps.EmailFormatVerificationSteps.userClicksOnSubmitButton()
Le format de l'email est invalid
Le format de l'email est invalid
  Then An error appears to report invalid email syntax Le format de l'email est invalid # com.ztrain.web.steps.EmailFormatVerificationSteps.anErrorAppearsToReportInvalidEmailSyntax(java.lang.String)
]]></system-out>
  </testcase>
  <testcase name="runScenario[&quot;Add product to cart and empty the cart&quot;, &quot;Optional[As a customer, I want to add products to cart so that I could empty the cart]&quot;](4)" classname="com.ztrain.web.TestRunner" time="45.196">
    <system-out><![CDATA[
@empty_cart_OF-902
Scenario Outline: Add product to cart and empty the cart                  # src/test/resources/features/emptyCart.feature:17
  Given user is at login page                                             # com.ztrain.web.steps.LoginSteps.userIsAtTheLoginPage()
Element not visible after click
  When user is logging-in with sehajpreet2.nicholi@orperfect.com hqqps2J$ # com.ztrain.web.steps.LoginSteps.userIsLoggingInWithUsernamePassword(java.lang.String,java.lang.String)
  Then he should be redirected to the home page                           # com.ztrain.web.steps.LoginSteps.heShouldBeAtTheHomePage()
https://dev-ztrain-web.vercel.app/home successfully loaded
Element not visible after click
  When he selects Enceinte Bluetooth portable robuste                     # com.ztrain.web.steps.AddProductToCartSteps.heSelectProduct(java.lang.String)
Element not visible after click
  And he fills in the quantity of the product to add via icons - and +    # com.ztrain.web.steps.AddProductToCartSteps.heFillInTheQuantityOfTheProductToAddViaIconsAnd()
Element not visible after click
  And he clicks on add to cart                                            # com.ztrain.web.steps.AddProductToCartSteps.heClicksOnAdd()
Element not visible to move
Element not visible after click
  When user clicks again on cart icon                                     # com.ztrain.web.steps.EmptyCartSteps.userClicksAgainOnCartIcon()
Element not visible after click
  And he clicks on empty cart button                                      # com.ztrain.web.steps.EmptyCartSteps.heClicksOnEmptyCartButton()
[INFO ] 2022-05-30 12:21:21.150 [main] com.ztrain.web.pageObjects.Page - Element not found
  Then the cart should be empty                                           # com.ztrain.web.steps.EmptyCartSteps.theCartShouldBeEmpty()
]]></system-out>
  </testcase>
  <testcase name="runScenario[&quot;Test fields required for payment&quot;, &quot;Optional[As a customer, I want to add products to cart, so that I could make payment]&quot;](5)" classname="com.ztrain.web.TestRunner" time="26.861">
    <system-out><![CDATA[
@OF-903
Scenario Outline: Test fields required for payment                                                                                               # src/test/resources/features/fields_required_for_payment.feature:18
  Given user is at login page                                                                                                                    # com.ztrain.web.steps.LoginSteps.userIsAtTheLoginPage()
Element not visible after click
  When user is logging-in with sehajpreet2.nicholi@orperfect.com hqqps2J$                                                                        # com.ztrain.web.steps.LoginSteps.userIsLoggingInWithUsernamePassword(java.lang.String,java.lang.String)
  Then he should be redirected to the home page                                                                                                  # com.ztrain.web.steps.LoginSteps.heShouldBeAtTheHomePage()
https://dev-ztrain-web.vercel.app/home successfully loaded
Element not visible after click
  When he selects Chaussures Hommes de Ville                                                                                                     # com.ztrain.web.steps.AddProductToCartSteps.heSelectProduct(java.lang.String)
Element not visible after click
  And he fills in the quantity of the product to add via icons - and +                                                                           # com.ztrain.web.steps.AddProductToCartSteps.heFillInTheQuantityOfTheProductToAddViaIconsAnd()
Element not visible after click
  And he clicks on add to cart                                                                                                                   # com.ztrain.web.steps.AddProductToCartSteps.heClicksOnAdd()
Element not visible to move
Element not visible after click
  And he clicks on cart icon                                                                                                                     # com.ztrain.web.steps.OrderButtonSteps.heClicksOnCartIcon()
Element not visible after click
  And User clicks on order button                                                                                                                # com.ztrain.web.steps.OrderButtonSteps.userClicksOnOrderButton()
Element not visible after click
  And User sends the form                                                                                                                        # com.ztrain.web.steps.PaymentValidationSteps.userSendsTheForm()
* Veuillez spécifier l'adresse de livraison
livraison"
  Then A required fields error message should appear under the fields "* NumÃ©ro de carte invalide" "* Veuillez spÃ©cifier l'adresse de livraison" # com.ztrain.web.steps.PaymentFieldsRequiredSteps.aRequiredFieldsErrorMessageShouldAppearUnderTheFieldsCardAddress(java.lang.String,java.lang.String)
]]></system-out>
  </testcase>
  <testcase name="runScenario[&quot;Perform login with valid credentials&quot;, &quot;Optional[As a Z-Train client I want to login so that I could access to online store]&quot;](6)" classname="com.ztrain.web.TestRunner" time="2.433">
    <system-out><![CDATA[
@login
Scenario Outline: Perform login with valid credentials                    # src/test/resources/features/login.feature:10
  Given user is at login page                                             # com.ztrain.web.steps.LoginSteps.userIsAtTheLoginPage()
Element not visible after click
  When user is logging-in with sehajpreet2.nicholi@orperfect.com hqqps2J$ # com.ztrain.web.steps.LoginSteps.userIsLoggingInWithUsernamePassword(java.lang.String,java.lang.String)
  Then he should be redirected to the home page                           # com.ztrain.web.steps.LoginSteps.heShouldBeAtTheHomePage()
]]></system-out>
  </testcase>
  <testcase name="runScenario[&quot;Error messages on the login page&quot;, &quot;Optional[As a customer I want to login without fill the fields so that I could see error messages]&quot;](7)" classname="com.ztrain.web.TestRunner" time="0.512">
    <system-out><![CDATA[
@login_password_required.OF-807
Scenario Outline: Error messages on the login page                                                                      # src/test/resources/features/login_password_required.feature:11
  Given user is at login page                                                                                           # com.ztrain.web.steps.LoginSteps.userIsAtTheLoginPage()
Element not visible after click
  When User clicks on connexion button without filling in the login and password fields                                 # com.ztrain.web.steps.LoginPasswordRequiredSteps.userClickOnConnexionButtonWithoutFillingInTheLoginAndPasswordFields()
Le format de l'email est invalid
Le format de l'email est invalid
  Then User should see an error message below the login and password fields Le format de l'email est invalid <password> # com.ztrain.web.steps.LoginPasswordRequiredSteps.userShouldSeeAnErrorMessageBelowTheLoginAndPasswordFields(java.lang.String,java.lang.String)
]]></system-out>
  </testcase>
  <testcase name="runScenario[&quot;Logout&quot;, &quot;Optional[As a customer, I want to log in the app so that I could log out]&quot;](8)" classname="com.ztrain.web.TestRunner" time="2.104">
    <system-out><![CDATA[
@logout.OF-840
Scenario Outline: Logout                                                  # src/test/resources/features/logout.feature:14
  Given user is at login page                                             # com.ztrain.web.steps.LoginSteps.userIsAtTheLoginPage()
Element not visible after click
  When user is logging-in with sehajpreet2.nicholi@orperfect.com hqqps2J$ # com.ztrain.web.steps.LoginSteps.userIsLoggingInWithUsernamePassword(java.lang.String,java.lang.String)
  Then he should be redirected to the home page                           # com.ztrain.web.steps.LoginSteps.heShouldBeAtTheHomePage()
Element not visible to move
  When User clicks on Account icon                                        # com.ztrain.web.steps.LogOutSteps.userClicksOnAccountIcon()
in and
  And User clicks on disconnect                                           # com.ztrain.web.steps.LogOutSteps.userClicksOnDisconnect()
  Then User should be logged out                                          # com.ztrain.web.steps.LogOutSteps.userShouldBeLoggedOut()
]]></system-out>
  </testcase>
  <testcase name="runScenario[&quot;Order pop up&quot;, &quot;Optional[As a customer, I want to add products to cart, so that I could make payment]&quot;](9)" classname="com.ztrain.web.TestRunner" time="23.701">
    <system-out><![CDATA[
@OF-901
Scenario Outline: Order pop up                                            # src/test/resources/features/order.feature:17
  Given user is at login page                                             # com.ztrain.web.steps.LoginSteps.userIsAtTheLoginPage()
Element not visible after click
  When user is logging-in with sehajpreet2.nicholi@orperfect.com hqqps2J$ # com.ztrain.web.steps.LoginSteps.userIsLoggingInWithUsernamePassword(java.lang.String,java.lang.String)
  Then he should be redirected to the home page                           # com.ztrain.web.steps.LoginSteps.heShouldBeAtTheHomePage()
https://dev-ztrain-web.vercel.app/home successfully loaded
Element not visible after click
  When he selects I-phone PRO 256 NOIR                                    # com.ztrain.web.steps.AddProductToCartSteps.heSelectProduct(java.lang.String)
Element not visible after click
  And he fills in the quantity of the product to add via icons - and +    # com.ztrain.web.steps.AddProductToCartSteps.heFillInTheQuantityOfTheProductToAddViaIconsAnd()
Element not visible after click
  And he clicks on add to cart                                            # com.ztrain.web.steps.AddProductToCartSteps.heClicksOnAdd()
Element not visible to move
Element not visible after click
  And he clicks on cart icon                                              # com.ztrain.web.steps.OrderButtonSteps.heClicksOnCartIcon()
Element not visible after click
  And User clicks on order button                                         # com.ztrain.web.steps.OrderButtonSteps.userClicksOnOrderButton()
  Then The order validation pop-up should appear                          # com.ztrain.web.steps.OrderButtonSteps.theOrderValidationPopUpShouldAppear()
]]></system-out>
  </testcase>
  <testcase name="runScenario[&quot;&quot;, &quot;Optional[As a customer I want to see my password after enter it]&quot;](10)" classname="com.ztrain.web.TestRunner" time="1.197">
    <system-out><![CDATA[
@password_displayed_clear.OF-806
Scenario:                                                                           # src/test/resources/features/password_displayed_clear.feature:3
  Given user is at login page                                                       # com.ztrain.web.steps.LoginSteps.userIsAtTheLoginPage()
  When user fill in the password field "a123456"                                    # com.ztrain.web.steps.PasswordInClearSteps.userFillInThePasswordField(java.lang.String)
Element not visible after click
  And User clicks on the display password button to the right of the password field # com.ztrain.web.steps.PasswordInClearSteps.userClicksOnTheDisplayPasswordButtonToTheRightOfThePasswordField()
  Then The password is displayed in clear                                           # com.ztrain.web.steps.PasswordInClearSteps.thePasswordIsDisplayedInClear()
]]></system-out>
  </testcase>
  <testcase name="runScenario[&quot;Payment validation&quot;, &quot;Optional[As a customer, I want to add products to cart, so that I could make payment]&quot;](11)" classname="com.ztrain.web.TestRunner" time="31.327">
    <system-out><![CDATA[
@OF-906
Scenario Outline: Payment validation                                                  # src/test/resources/features/payment_validation.feature:18
  Given user is at login page                                                         # com.ztrain.web.steps.LoginSteps.userIsAtTheLoginPage()
Element not visible after click
  When user is logging-in with sehajpreet2.nicholi@orperfect.com hqqps2J$             # com.ztrain.web.steps.LoginSteps.userIsLoggingInWithUsernamePassword(java.lang.String,java.lang.String)
  Then he should be redirected to the home page                                       # com.ztrain.web.steps.LoginSteps.heShouldBeAtTheHomePage()
https://dev-ztrain-web.vercel.app/home successfully loaded
Element not visible after click
  When he selects Chaise de Bureau Ergonomique                                        # com.ztrain.web.steps.AddProductToCartSteps.heSelectProduct(java.lang.String)
Element not visible after click
  And he fills in the quantity of the product to add via icons - and +                # com.ztrain.web.steps.AddProductToCartSteps.heFillInTheQuantityOfTheProductToAddViaIconsAnd()
Element not visible after click
  And he clicks on add to cart                                                        # com.ztrain.web.steps.AddProductToCartSteps.heClicksOnAdd()
Element not visible to move
Element not visible after click
  And he clicks on cart icon                                                          # com.ztrain.web.steps.OrderButtonSteps.heClicksOnCartIcon()
Element not visible after click
  And User clicks on order button                                                     # com.ztrain.web.steps.OrderButtonSteps.userClicksOnOrderButton()
  And User fills fields with 4242 4242 4242 4242, 12 / 23, 520 and 204 Rue Manga-bell # com.ztrain.web.steps.PaymentValidationSteps.userFillsFieldsWithCardNumberExpiredDateCvcAndAdresseDeLivraison(java.lang.String,java.lang.String,java.lang.String,java.lang.String)
Element not visible after click
  And User sends the form                                                             # com.ztrain.web.steps.PaymentValidationSteps.userSendsTheForm()
  Then A validation confirmation message should appear on the screen                  # com.ztrain.web.steps.PaymentValidationSteps.aValidationConfirmationMessageShouldAppearOnTheScreen()
]]></system-out>
  </testcase>
  <testcase name="runScenario[&quot;Product information&quot;, &quot;Optional[As a customer, I want to add products to cart, so that I could make payment]&quot;](12)" classname="com.ztrain.web.TestRunner" time="24.245">
    <system-out><![CDATA[
@OF-1015
Scenario Outline: Product information                                                    # src/test/resources/features/product_information.feature:13
  Given user is at login page                                                            # com.ztrain.web.steps.LoginSteps.userIsAtTheLoginPage()
Element not visible after click
  When user is logging-in with sehajpreet2.nicholi@orperfect.com hqqps2J$                # com.ztrain.web.steps.LoginSteps.userIsLoggingInWithUsernamePassword(java.lang.String,java.lang.String)
  Then he should be redirected to the home page                                          # com.ztrain.web.steps.LoginSteps.heShouldBeAtTheHomePage()
https://dev-ztrain-web.vercel.app/home successfully loaded
Element not visible after click
  When User selects Yucca Elephantipes                                                   # com.ztrain.web.steps.ProductInformationSteps.userSelectsArticle(java.lang.String)
  Then Spawn a popup on the page with description of the Yucca Elephantipes and the 9.99 # com.ztrain.web.steps.ProductInformationSteps.spawnAPopupOnThePageWithDescriptionOfTheArticleAndThePrecise_price(java.lang.String,java.lang.String)
]]></system-out>
  </testcase>
  <testcase name="runScenario[&quot;Product information&quot;, &quot;Optional[As a customer, I want to add products to cart, so that I could make payment]&quot;](13)" classname="com.ztrain.web.TestRunner" time="23.095">
    <system-out><![CDATA[
@OF-1015
Scenario Outline: Product information                                                         # src/test/resources/features/product_information.feature:14
  Given user is at login page                                                                 # com.ztrain.web.steps.LoginSteps.userIsAtTheLoginPage()
Element not visible after click
  When user is logging-in with sehajpreet2.nicholi@orperfect.com hqqps2J$                     # com.ztrain.web.steps.LoginSteps.userIsLoggingInWithUsernamePassword(java.lang.String,java.lang.String)
  Then he should be redirected to the home page                                               # com.ztrain.web.steps.LoginSteps.heShouldBeAtTheHomePage()
https://dev-ztrain-web.vercel.app/home successfully loaded
Element not visible after click
  When User selects I-phone PRO 256 NOIR                                                      # com.ztrain.web.steps.ProductInformationSteps.userSelectsArticle(java.lang.String)
  Then Spawn a popup on the page with description of the I-phone PRO 256 NOIR and the 1259.02 # com.ztrain.web.steps.ProductInformationSteps.spawnAPopupOnThePageWithDescriptionOfTheArticleAndThePrecise_price(java.lang.String,java.lang.String)
]]></system-out>
  </testcase>
</testsuite>